# JRE version: OpenJDK Runtime Environment Temurin-21.0.10+7 (21.0.10+7) (build 21.0.10+7-LTS)
# Java VM: OpenJDK 64-Bit Server VM Temurin-21.0.10+7 (21.0.10+7-LTS, mixed mode, sharing, tiered, compressed oops, compressed class ptrs, parallel gc, windows-amd64)
GC Precious Log:
 CardTable entry size: 512
 CPUs: 16 total, 16 available
 Memory: 16176M
 Large Page Support: Disabled
 NUMA Support: Disabled
 Compressed Oops: Enabled (32-bit)
 Alignments: Space 512K, Generation 512K, Heap 2M
 Heap Min Capacity: 100M
 Heap Initial Capacity: 100M
 Heap Max Capacity: 2G
 Pre-touch: Disabled
 Parallel Workers: 13
Heap:
 PSYoungGen      total 18944K, used 4459K [0x00000000d5580000, 0x00000000d6a80000, 0x0000000100000000)
  eden space 17408K, 19% used [0x00000000d5580000,0x00000000d58d07a0,0x00000000d6680000)
  from space 1536K, 69% used [0x00000000d6800000,0x00000000d690a488,0x00000000d6980000)
  to   space 1024K, 0% used [0x00000000d6980000,0x00000000d6980000,0x00000000d6a80000)
 ParOldGen       total 72192K, used 71726K [0x0000000080000000, 0x0000000084680000, 0x00000000d5580000)
  object space 72192K, 99% used [0x0000000080000000,0x000000008460bbc8,0x0000000084680000)
 Metaspace       used 64719K, committed 66304K, reserved 1114112K
  class space    used 6857K, committed 7488K, reserved 1048576K
GC Heap History (20 events):
Event: 10.206 GC heap before
{Heap before GC invocations=48 (full 3):
 PSYoungGen      total 20992K, used 20608K [0x00000000d5580000, 0x00000000d6b80000, 0x0000000100000000)
  eden space 19968K, 100% used [0x00000000d5580000,0x00000000d6900000,0x00000000d6900000)
  from space 1024K, 62% used [0x00000000d6a80000,0x00000000d6b20000,0x00000000d6b80000)
  to   space 1024K, 0% used [0x00000000d6980000,0x00000000d6980000,0x00000000d6a80000)
 ParOldGen       total 68608K, used 56110K [0x0000000080000000, 0x0000000084300000, 0x00000000d5580000)
  object space 68608K, 81% used [0x0000000080000000,0x00000000836cb870,0x0000000084300000)
 Metaspace       used 59455K, committed 60928K, reserved 1114112K
  class space    used 6352K, committed 6976K, reserved 1048576K
}
Event: 10.207 GC heap after
{Heap after GC invocations=48 (full 3):
 PSYoungGen      total 20992K, used 672K [0x00000000d5580000, 0x00000000d6b00000, 0x0000000100000000)
  eden space 19968K, 0% used [0x00000000d5580000,0x00000000d5580000,0x00000000d6900000)
  from space 1024K, 65% used [0x00000000d6980000,0x00000000d6a28230,0x00000000d6a80000)
  to   space 512K, 0% used [0x00000000d6a80000,0x00000000d6a80000,0x00000000d6b00000)
 ParOldGen       total 68608K, used 56629K [0x0000000080000000, 0x0000000084300000, 0x00000000d5580000)
  object space 68608K, 82% used [0x0000000080000000,0x000000008374d750,0x0000000084300000)
 Metaspace       used 59455K, committed 60928K, reserved 1114112K
  class space    used 6352K, committed 6976K, reserved 1048576K
}
Event: 10.222 GC heap before
{Heap before GC invocations=49 (full 3):
 PSYoungGen      total 20992K, used 20640K [0x00000000d5580000, 0x00000000d6b00000, 0x0000000100000000)
  eden space 19968K, 100% used [0x00000000d5580000,0x00000000d6900000,0x00000000d6900000)
  from space 1024K, 65% used [0x00000000d6980000,0x00000000d6a28230,0x00000000d6a80000)
  to   space 512K, 0% used [0x00000000d6a80000,0x00000000d6a80000,0x00000000d6b00000)
 ParOldGen       total 68608K, used 56629K [0x0000000080000000, 0x0000000084300000, 0x00000000d5580000)
  object space 68608K, 82% used [0x0000000080000000,0x000000008374d750,0x0000000084300000)
 Metaspace       used 59481K, committed 60928K, reserved 1114112K
  class space    used 6352K, committed 6976K, reserved 1048576K
}
Event: 10.223 GC heap after
{Heap after GC invocations=49 (full 3):
 PSYoungGen      total 20480K, used 497K [0x00000000d5580000, 0x00000000d6c00000, 0x0000000100000000)
  eden space 19968K, 0% used [0x00000000d5580000,0x00000000d5580000,0x00000000d6900000)
  from space 512K, 97% used [0x00000000d6a80000,0x00000000d6afc7d0,0x00000000d6b00000)
  to   space 1536K, 0% used [0x00000000d6900000,0x00000000d6900000,0x00000000d6a80000)
 ParOldGen       total 68608K, used 57196K [0x0000000080000000, 0x0000000084300000, 0x00000000d5580000)
  object space 68608K, 83% used [0x0000000080000000,0x00000000837db258,0x0000000084300000)
 Metaspace       used 59481K, committed 60928K, reserved 1114112K
  class space    used 6352K, committed 6976K, reserved 1048576K
}
Event: 10.251 GC heap before
{Heap before GC invocations=50 (full 3):
 PSYoungGen      total 20480K, used 20465K [0x00000000d5580000, 0x00000000d6c00000, 0x0000000100000000)
  eden space 19968K, 100% used [0x00000000d5580000,0x00000000d6900000,0x00000000d6900000)
  from space 512K, 97% used [0x00000000d6a80000,0x00000000d6afc7d0,0x00000000d6b00000)
  to   space 1536K, 0% used [0x00000000d6900000,0x00000000d6900000,0x00000000d6a80000)
 ParOldGen       total 68608K, used 57196K [0x0000000080000000, 0x0000000084300000, 0x00000000d5580000)
  object space 68608K, 83% used [0x0000000080000000,0x00000000837db258,0x0000000084300000)
 Metaspace       used 59719K, committed 61120K, reserved 1114112K
  class space    used 6370K, committed 6976K, reserved 1048576K
}
Event: 10.252 GC heap after
{Heap after GC invocations=50 (full 3):
 PSYoungGen      total 20992K, used 842K [0x00000000d5580000, 0x00000000d6b00000, 0x0000000100000000)
  eden space 19968K, 0% used [0x00000000d5580000,0x00000000d5580000,0x00000000d6900000)
  from space 1024K, 82% used [0x00000000d6900000,0x00000000d69d2868,0x00000000d6a00000)
  to   space 1024K, 0% used [0x00000000d6a00000,0x00000000d6a00000,0x00000000d6b00000)
 ParOldGen       total 68608K, used 57631K [0x0000000080000000, 0x0000000084300000, 0x00000000d5580000)
  object space 68608K, 84% used [0x0000000080000000,0x0000000083847d18,0x0000000084300000)
 Metaspace       used 59719K, committed 61120K, reserved 1114112K
  class space    used 6370K, committed 6976K, reserved 1048576K
}
Event: 10.376 GC heap before
{Heap before GC invocations=51 (full 3):
 PSYoungGen      total 20992K, used 20809K [0x00000000d5580000, 0x00000000d6b00000, 0x0000000100000000)
  eden space 19968K, 99% used [0x00000000d5580000,0x00000000d68ffe68,0x00000000d6900000)
  from space 1024K, 82% used [0x00000000d6900000,0x00000000d69d2868,0x00000000d6a00000)
  to   space 1024K, 0% used [0x00000000d6a00000,0x00000000d6a00000,0x00000000d6b00000)
 ParOldGen       total 68608K, used 57631K [0x0000000080000000, 0x0000000084300000, 0x00000000d5580000)
  object space 68608K, 84% used [0x0000000080000000,0x0000000083847d18,0x0000000084300000)
 Metaspace       used 60439K, committed 61952K, reserved 1114112K
  class space    used 6469K, committed 7104K, reserved 1048576K
}
Event: 10.378 GC heap after
{Heap after GC invocations=51 (full 3):
 PSYoungGen      total 18432K, used 1008K [0x00000000d5580000, 0x00000000d7000000, 0x0000000100000000)
  eden space 17408K, 0% used [0x00000000d5580000,0x00000000d5580000,0x00000000d6680000)
  from space 1024K, 98% used [0x00000000d6a00000,0x00000000d6afc010,0x00000000d6b00000)
  to   space 3584K, 0% used [0x00000000d6680000,0x00000000d6680000,0x00000000d6a00000)
 ParOldGen       total 68608K, used 59658K [0x0000000080000000, 0x0000000084300000, 0x00000000d5580000)
  object space 68608K, 86% used [0x0000000080000000,0x0000000083a42a28,0x0000000084300000)
 Metaspace       used 60439K, committed 61952K, reserved 1114112K
  class space    used 6469K, committed 7104K, reserved 1048576K
}
Event: 10.459 GC heap before
{Heap before GC invocations=52 (full 3):
 PSYoungGen      total 18432K, used 18413K [0x00000000d5580000, 0x00000000d7000000, 0x0000000100000000)
  eden space 17408K, 99% used [0x00000000d5580000,0x00000000d667f3f0,0x00000000d6680000)
  from space 1024K, 98% used [0x00000000d6a00000,0x00000000d6afc010,0x00000000d6b00000)
  to   space 3584K, 0% used [0x00000000d6680000,0x00000000d6680000,0x00000000d6a00000)
 ParOldGen       total 68608K, used 59658K [0x0000000080000000, 0x0000000084300000, 0x00000000d5580000)
  object space 68608K, 86% used [0x0000000080000000,0x0000000083a42a28,0x0000000084300000)
 Metaspace       used 60717K, committed 62208K, reserved 1114112K
  class space    used 6485K, committed 7104K, reserved 1048576K
}
Event: 10.461 GC heap after
{Heap after GC invocations=52 (full 3):
 PSYoungGen      total 20480K, used 2679K [0x00000000d5580000, 0x00000000d6c80000, 0x0000000100000000)
  eden space 17408K, 0% used [0x00000000d5580000,0x00000000d5580000,0x00000000d6680000)
  from space 3072K, 87% used [0x00000000d6680000,0x00000000d691dfa0,0x00000000d6980000)
  to   space 3072K, 0% used [0x00000000d6980000,0x00000000d6980000,0x00000000d6c80000)
 ParOldGen       total 68608K, used 60557K [0x0000000080000000, 0x0000000084300000, 0x00000000d5580000)
  object space 68608K, 88% used [0x0000000080000000,0x0000000083b23678,0x0000000084300000)
 Metaspace       used 60717K, committed 62208K, reserved 1114112K
  class space    used 6485K, committed 7104K, reserved 1048576K
}
Event: 10.545 GC heap before
{Heap before GC invocations=53 (full 3):
 PSYoungGen      total 20480K, used 20087K [0x00000000d5580000, 0x00000000d6c80000, 0x0000000100000000)
  eden space 17408K, 100% used [0x00000000d5580000,0x00000000d6680000,0x00000000d6680000)
  from space 3072K, 87% used [0x00000000d6680000,0x00000000d691dfa0,0x00000000d6980000)
  to   space 3072K, 0% used [0x00000000d6980000,0x00000000d6980000,0x00000000d6c80000)
 ParOldGen       total 68608K, used 60557K [0x0000000080000000, 0x0000000084300000, 0x00000000d5580000)
  object space 68608K, 88% used [0x0000000080000000,0x0000000083b23678,0x0000000084300000)
 Metaspace       used 61245K, committed 62720K, reserved 1114112K
  class space    used 6518K, committed 7168K, reserved 1048576K
}
Event: 10.547 GC heap after
{Heap after GC invocations=53 (full 3):
 PSYoungGen      total 19456K, used 1646K [0x00000000d5580000, 0x00000000d6b80000, 0x0000000100000000)
  eden space 17408K, 0% used [0x00000000d5580000,0x00000000d5580000,0x00000000d6680000)
  from space 2048K, 80% used [0x00000000d6980000,0x00000000d6b1bbf8,0x00000000d6b80000)
  to   space 2048K, 0% used [0x00000000d6780000,0x00000000d6780000,0x00000000d6980000)
 ParOldGen       total 68608K, used 63022K [0x0000000080000000, 0x0000000084300000, 0x00000000d5580000)
  object space 68608K, 91% used [0x0000000080000000,0x0000000083d8b9f0,0x0000000084300000)
 Metaspace       used 61245K, committed 62720K, reserved 1114112K
  class space    used 6518K, committed 7168K, reserved 1048576K
}
Event: 10.661 GC heap before
{Heap before GC invocations=54 (full 3):
 PSYoungGen      total 19456K, used 19054K [0x00000000d5580000, 0x00000000d6b80000, 0x0000000100000000)
  eden space 17408K, 100% used [0x00000000d5580000,0x00000000d6680000,0x00000000d6680000)
  from space 2048K, 80% used [0x00000000d6980000,0x00000000d6b1bbf8,0x00000000d6b80000)
  to   space 2048K, 0% used [0x00000000d6780000,0x00000000d6780000,0x00000000d6980000)
 ParOldGen       total 68608K, used 63022K [0x0000000080000000, 0x0000000084300000, 0x00000000d5580000)
  object space 68608K, 91% used [0x0000000080000000,0x0000000083d8b9f0,0x0000000084300000)
 Metaspace       used 62047K, committed 63488K, reserved 1114112K
  class space    used 6634K, committed 7232K, reserved 1048576K
}
Event: 10.664 GC heap after
{Heap after GC invocations=54 (full 3):
 PSYoungGen      total 19456K, used 2041K [0x00000000d5580000, 0x00000000d7080000, 0x0000000100000000)
  eden space 17408K, 0% used [0x00000000d5580000,0x00000000d5580000,0x00000000d6680000)
  from space 2048K, 99% used [0x00000000d6780000,0x00000000d697e7c8,0x00000000d6980000)
  to   space 5120K, 0% used [0x00000000d6b80000,0x00000000d6b80000,0x00000000d7080000)
 ParOldGen       total 68608K, used 65426K [0x0000000080000000, 0x0000000084300000, 0x00000000d5580000)
  object space 68608K, 95% used [0x0000000080000000,0x0000000083fe4b50,0x0000000084300000)
 Metaspace       used 62047K, committed 63488K, reserved 1114112K
  class space    used 6634K, committed 7232K, reserved 1048576K
}
Event: 10.738 GC heap before
{Heap before GC invocations=55 (full 3):
 PSYoungGen      total 19456K, used 19449K [0x00000000d5580000, 0x00000000d7080000, 0x0000000100000000)
  eden space 17408K, 100% used [0x00000000d5580000,0x00000000d6680000,0x00000000d6680000)
  from space 2048K, 99% used [0x00000000d6780000,0x00000000d697e7c8,0x00000000d6980000)
  to   space 5120K, 0% used [0x00000000d6b80000,0x00000000d6b80000,0x00000000d7080000)
 ParOldGen       total 68608K, used 65426K [0x0000000080000000, 0x0000000084300000, 0x00000000d5580000)
  object space 68608K, 95% used [0x0000000080000000,0x0000000083fe4b50,0x0000000084300000)
 Metaspace       used 62545K, committed 64000K, reserved 1114112K
  class space    used 6680K, committed 7296K, reserved 1048576K
}
Event: 10.741 GC heap after
{Heap after GC invocations=55 (full 3):
 PSYoungGen      total 19968K, used 2211K [0x00000000d5580000, 0x00000000d6e00000, 0x0000000100000000)
  eden space 17408K, 0% used [0x00000000d5580000,0x00000000d5580000,0x00000000d6680000)
  from space 2560K, 86% used [0x00000000d6b80000,0x00000000d6da8c90,0x00000000d6e00000)
  to   space 3072K, 0% used [0x00000000d6800000,0x00000000d6800000,0x00000000d6b00000)
 ParOldGen       total 68608K, used 67473K [0x0000000080000000, 0x0000000084300000, 0x00000000d5580000)
  object space 68608K, 98% used [0x0000000080000000,0x00000000841e47d8,0x0000000084300000)
 Metaspace       used 62545K, committed 64000K, reserved 1114112K
  class space    used 6680K, committed 7296K, reserved 1048576K
}
Event: 10.806 GC heap before
{Heap before GC invocations=56 (full 3):
 PSYoungGen      total 19968K, used 19619K [0x00000000d5580000, 0x00000000d6e00000, 0x0000000100000000)
  eden space 17408K, 100% used [0x00000000d5580000,0x00000000d6680000,0x00000000d6680000)
  from space 2560K, 86% used [0x00000000d6b80000,0x00000000d6da8c90,0x00000000d6e00000)
  to   space 3072K, 0% used [0x00000000d6800000,0x00000000d6800000,0x00000000d6b00000)
 ParOldGen       total 68608K, used 67473K [0x0000000080000000, 0x0000000084300000, 0x00000000d5580000)
  object space 68608K, 98% used [0x0000000080000000,0x00000000841e47d8,0x0000000084300000)
 Metaspace       used 62807K, committed 64320K, reserved 1114112K
  class space    used 6697K, committed 7360K, reserved 1048576K
}
Event: 10.808 GC heap after
{Heap after GC invocations=56 (full 3):
 PSYoungGen      total 19456K, used 2048K [0x00000000d5580000, 0x00000000d6c00000, 0x0000000100000000)
  eden space 17408K, 0% used [0x00000000d5580000,0x00000000d5580000,0x00000000d6680000)
  from space 2048K, 100% used [0x00000000d6800000,0x00000000d6a00000,0x00000000d6a00000)
  to   space 2048K, 0% used [0x00000000d6a00000,0x00000000d6a00000,0x00000000d6c00000)
 ParOldGen       total 69632K, used 69197K [0x0000000080000000, 0x0000000084400000, 0x00000000d5580000)
  object space 69632K, 99% used [0x0000000080000000,0x00000000843934a8,0x0000000084400000)
 Metaspace       used 62807K, committed 64320K, reserved 1114112K
  class space    used 6697K, committed 7360K, reserved 1048576K
}
Event: 10.915 GC heap before
{Heap before GC invocations=57 (full 3):
 PSYoungGen      total 19456K, used 19456K [0x00000000d5580000, 0x00000000d6c00000, 0x0000000100000000)
  eden space 17408K, 100% used [0x00000000d5580000,0x00000000d6680000,0x00000000d6680000)
  from space 2048K, 100% used [0x00000000d6800000,0x00000000d6a00000,0x00000000d6a00000)
  to   space 2048K, 0% used [0x00000000d6a00000,0x00000000d6a00000,0x00000000d6c00000)
 ParOldGen       total 69632K, used 69197K [0x0000000080000000, 0x0000000084400000, 0x00000000d5580000)
  object space 69632K, 99% used [0x0000000080000000,0x00000000843934a8,0x0000000084400000)
 Metaspace       used 63450K, committed 64960K, reserved 1114112K
  class space    used 6747K, committed 7360K, reserved 1048576K
}
Event: 10.916 GC heap after
{Heap after GC invocations=57 (full 3):
 PSYoungGen      total 19456K, used 1768K [0x00000000d5580000, 0x00000000d6c00000, 0x0000000100000000)
  eden space 17408K, 0% used [0x00000000d5580000,0x00000000d5580000,0x00000000d6680000)
  from space 2048K, 86% used [0x00000000d6a00000,0x00000000d6bba390,0x00000000d6c00000)
  to   space 2048K, 0% used [0x00000000d6800000,0x00000000d6800000,0x00000000d6a00000)
 ParOldGen       total 70656K, used 70493K [0x0000000080000000, 0x0000000084500000, 0x00000000d5580000)
  object space 70656K, 99% used [0x0000000080000000,0x00000000844d74a8,0x0000000084500000)
 Metaspace       used 63450K, committed 64960K, reserved 1114112K
  class space    used 6747K, committed 7360K, reserved 1048576K
}

