# JRE version: OpenJDK Runtime Environment Temurin-21.0.10+7 (21.0.10+7) (build 21.0.10+7-LTS)
# Java VM: OpenJDK 64-Bit Server VM Temurin-21.0.10+7 (21.0.10+7-LTS, mixed mode, sharing, tiered, compressed oops, compressed class ptrs, parallel gc, windows-amd64)
GC Precious Log:
 CardTable entry size: 512
 CPUs: 16 total, 16 available
 Memory: 16176M
 Large Page Support: Disabled
 NUMA Support: Disabled
 Compressed Oops: Enabled (32-bit)
 Alignments: Space 512K, Generation 512K, Heap 2M
 Heap Min Capacity: 100M
 Heap Initial Capacity: 100M
 Heap Max Capacity: 2G
 Pre-touch: Disabled
 Parallel Workers: 13
Heap:
 PSYoungGen      total 10752K, used 3605K [0x00000000d5580000, 0x00000000d6380000, 0x0000000100000000)
  eden space 9728K, 31% used [0x00000000d5580000,0x00000000d587d658,0x00000000d5f00000)
  from space 1024K, 53% used [0x00000000d6280000,0x00000000d6308000,0x00000000d6380000)
  to   space 1024K, 0% used [0x00000000d6180000,0x00000000d6180000,0x00000000d6280000)
 ParOldGen       total 113152K, used 112392K [0x0000000080000000, 0x0000000086e80000, 0x00000000d5580000)
  object space 113152K, 99% used [0x0000000080000000,0x0000000086dc21b8,0x0000000086e80000)
 Metaspace       used 68633K, committed 70208K, reserved 1114112K
  class space    used 7128K, committed 7808K, reserved 1048576K
GC Heap History (20 events):
Event: 9.794 GC heap before
{Heap before GC invocations=60 (full 3):
 PSYoungGen      total 14848K, used 14311K [0x00000000d5580000, 0x00000000d6600000, 0x0000000100000000)
  eden space 12800K, 100% used [0x00000000d5580000,0x00000000d6200000,0x00000000d6200000)
  from space 2048K, 73% used [0x00000000d6400000,0x00000000d6579e10,0x00000000d6600000)
  to   space 2048K, 0% used [0x00000000d6200000,0x00000000d6200000,0x00000000d6400000)
 ParOldGen       total 71680K, used 71588K [0x0000000080000000, 0x0000000084600000, 0x00000000d5580000)
  object space 71680K, 99% used [0x0000000080000000,0x00000000845e9268,0x0000000084600000)
 Metaspace       used 65536K, committed 67008K, reserved 1114112K
  class space    used 6859K, committed 7488K, reserved 1048576K
}
Event: 9.795 GC heap after
{Heap after GC invocations=60 (full 3):
 PSYoungGen      total 14336K, used 1311K [0x00000000d5580000, 0x00000000d6500000, 0x0000000100000000)
  eden space 12800K, 0% used [0x00000000d5580000,0x00000000d5580000,0x00000000d6200000)
  from space 1536K, 85% used [0x00000000d6200000,0x00000000d6347c30,0x00000000d6380000)
  to   space 1536K, 0% used [0x00000000d6380000,0x00000000d6380000,0x00000000d6500000)
 ParOldGen       total 72192K, used 71772K [0x0000000080000000, 0x0000000084680000, 0x00000000d5580000)
  object space 72192K, 99% used [0x0000000080000000,0x0000000084617268,0x0000000084680000)
 Metaspace       used 65536K, committed 67008K, reserved 1114112K
  class space    used 6859K, committed 7488K, reserved 1048576K
}
Event: 9.855 GC heap before
{Heap before GC invocations=61 (full 3):
 PSYoungGen      total 14336K, used 14111K [0x00000000d5580000, 0x00000000d6500000, 0x0000000100000000)
  eden space 12800K, 100% used [0x00000000d5580000,0x00000000d6200000,0x00000000d6200000)
  from space 1536K, 85% used [0x00000000d6200000,0x00000000d6347c30,0x00000000d6380000)
  to   space 1536K, 0% used [0x00000000d6380000,0x00000000d6380000,0x00000000d6500000)
 ParOldGen       total 72192K, used 71772K [0x0000000080000000, 0x0000000084680000, 0x00000000d5580000)
  object space 72192K, 99% used [0x0000000080000000,0x0000000084617268,0x0000000084680000)
 Metaspace       used 65735K, committed 67200K, reserved 1114112K
  class space    used 6873K, committed 7488K, reserved 1048576K
}
Event: 9.857 GC heap after
{Heap after GC invocations=61 (full 3):
 PSYoungGen      total 11264K, used 1530K [0x00000000d5580000, 0x00000000d6b00000, 0x0000000100000000)
  eden space 9728K, 0% used [0x00000000d5580000,0x00000000d5580000,0x00000000d5f00000)
  from space 1536K, 99% used [0x00000000d6380000,0x00000000d64fe8f8,0x00000000d6500000)
  to   space 4608K, 0% used [0x00000000d5f00000,0x00000000d5f00000,0x00000000d6380000)
 ParOldGen       total 74240K, used 74048K [0x0000000080000000, 0x0000000084880000, 0x00000000d5580000)
  object space 74240K, 99% used [0x0000000080000000,0x00000000848503d0,0x0000000084880000)
 Metaspace       used 65735K, committed 67200K, reserved 1114112K
  class space    used 6873K, committed 7488K, reserved 1048576K
}
Event: 9.902 GC heap before
{Heap before GC invocations=62 (full 3):
 PSYoungGen      total 11264K, used 11258K [0x00000000d5580000, 0x00000000d6b00000, 0x0000000100000000)
  eden space 9728K, 100% used [0x00000000d5580000,0x00000000d5f00000,0x00000000d5f00000)
  from space 1536K, 99% used [0x00000000d6380000,0x00000000d64fe8f8,0x00000000d6500000)
  to   space 4608K, 0% used [0x00000000d5f00000,0x00000000d5f00000,0x00000000d6380000)
 ParOldGen       total 74240K, used 74048K [0x0000000080000000, 0x0000000084880000, 0x00000000d5580000)
  object space 74240K, 99% used [0x0000000080000000,0x00000000848503d0,0x0000000084880000)
 Metaspace       used 65918K, committed 67456K, reserved 1114112K
  class space    used 6887K, committed 7552K, reserved 1048576K
}
Event: 9.903 GC heap after
{Heap after GC invocations=62 (full 3):
 PSYoungGen      total 11776K, used 1808K [0x00000000d5580000, 0x00000000d6400000, 0x0000000100000000)
  eden space 9728K, 0% used [0x00000000d5580000,0x00000000d5580000,0x00000000d5f00000)
  from space 2048K, 88% used [0x00000000d5f00000,0x00000000d60c4010,0x00000000d6100000)
  to   space 2560K, 0% used [0x00000000d6180000,0x00000000d6180000,0x00000000d6400000)
 ParOldGen       total 75776K, used 75500K [0x0000000080000000, 0x0000000084a00000, 0x00000000d5580000)
  object space 75776K, 99% used [0x0000000080000000,0x00000000849bb120,0x0000000084a00000)
 Metaspace       used 65918K, committed 67456K, reserved 1114112K
  class space    used 6887K, committed 7552K, reserved 1048576K
}
Event: 10.000 GC heap before
{Heap before GC invocations=63 (full 3):
 PSYoungGen      total 11776K, used 11536K [0x00000000d5580000, 0x00000000d6400000, 0x0000000100000000)
  eden space 9728K, 100% used [0x00000000d5580000,0x00000000d5f00000,0x00000000d5f00000)
  from space 2048K, 88% used [0x00000000d5f00000,0x00000000d60c4010,0x00000000d6100000)
  to   space 2560K, 0% used [0x00000000d6180000,0x00000000d6180000,0x00000000d6400000)
 ParOldGen       total 75776K, used 75500K [0x0000000080000000, 0x0000000084a00000, 0x00000000d5580000)
  object space 75776K, 99% used [0x0000000080000000,0x00000000849bb120,0x0000000084a00000)
 Metaspace       used 66253K, committed 67776K, reserved 1114112K
  class space    used 6903K, committed 7552K, reserved 1048576K
}
Event: 10.002 GC heap after
{Heap after GC invocations=63 (full 3):
 PSYoungGen      total 11776K, used 1847K [0x00000000d5580000, 0x00000000d6380000, 0x0000000100000000)
  eden space 9728K, 0% used [0x00000000d5580000,0x00000000d5580000,0x00000000d5f00000)
  from space 2048K, 90% used [0x00000000d6180000,0x00000000d634de10,0x00000000d6380000)
  to   space 2048K, 0% used [0x00000000d5f00000,0x00000000d5f00000,0x00000000d6100000)
 ParOldGen       total 76800K, used 76305K [0x0000000080000000, 0x0000000084b00000, 0x00000000d5580000)
  object space 76800K, 99% used [0x0000000080000000,0x0000000084a844a8,0x0000000084b00000)
 Metaspace       used 66253K, committed 67776K, reserved 1114112K
  class space    used 6903K, committed 7552K, reserved 1048576K
}
Event: 10.087 GC heap before
{Heap before GC invocations=64 (full 3):
 PSYoungGen      total 11776K, used 11575K [0x00000000d5580000, 0x00000000d6380000, 0x0000000100000000)
  eden space 9728K, 100% used [0x00000000d5580000,0x00000000d5f00000,0x00000000d5f00000)
  from space 2048K, 90% used [0x00000000d6180000,0x00000000d634de10,0x00000000d6380000)
  to   space 2048K, 0% used [0x00000000d5f00000,0x00000000d5f00000,0x00000000d6100000)
 ParOldGen       total 76800K, used 76305K [0x0000000080000000, 0x0000000084b00000, 0x00000000d5580000)
  object space 76800K, 99% used [0x0000000080000000,0x0000000084a844a8,0x0000000084b00000)
 Metaspace       used 66385K, committed 67968K, reserved 1114112K
  class space    used 6909K, committed 7552K, reserved 1048576K
}
Event: 10.088 GC heap after
{Heap after GC invocations=64 (full 3):
 PSYoungGen      total 11776K, used 2035K [0x00000000d5580000, 0x00000000d6900000, 0x0000000100000000)
  eden space 9728K, 0% used [0x00000000d5580000,0x00000000d5580000,0x00000000d5f00000)
  from space 2048K, 99% used [0x00000000d5f00000,0x00000000d60fcf48,0x00000000d6100000)
  to   space 5120K, 0% used [0x00000000d6400000,0x00000000d6400000,0x00000000d6900000)
 ParOldGen       total 78848K, used 78794K [0x0000000080000000, 0x0000000084d00000, 0x00000000d5580000)
  object space 78848K, 99% used [0x0000000080000000,0x0000000084cf2930,0x0000000084d00000)
 Metaspace       used 66385K, committed 67968K, reserved 1114112K
  class space    used 6909K, committed 7552K, reserved 1048576K
}
Event: 10.264 GC heap before
{Heap before GC invocations=65 (full 3):
 PSYoungGen      total 11776K, used 11763K [0x00000000d5580000, 0x00000000d6900000, 0x0000000100000000)
  eden space 9728K, 100% used [0x00000000d5580000,0x00000000d5f00000,0x00000000d5f00000)
  from space 2048K, 99% used [0x00000000d5f00000,0x00000000d60fcf48,0x00000000d6100000)
  to   space 5120K, 0% used [0x00000000d6400000,0x00000000d6400000,0x00000000d6900000)
 ParOldGen       total 78848K, used 78794K [0x0000000080000000, 0x0000000084d00000, 0x00000000d5580000)
  object space 78848K, 99% used [0x0000000080000000,0x0000000084cf2930,0x0000000084d00000)
 Metaspace       used 66728K, committed 68224K, reserved 1114112K
  class space    used 6954K, committed 7616K, reserved 1048576K
}
Event: 10.266 GC heap after
{Heap after GC invocations=65 (full 3):
 PSYoungGen      total 11776K, used 1568K [0x00000000d5580000, 0x00000000d6600000, 0x0000000100000000)
  eden space 9728K, 0% used [0x00000000d5580000,0x00000000d5580000,0x00000000d5f00000)
  from space 2048K, 76% used [0x00000000d6400000,0x00000000d6588000,0x00000000d6600000)
  to   space 3072K, 0% used [0x00000000d6000000,0x00000000d6000000,0x00000000d6300000)
 ParOldGen       total 79872K, used 79393K [0x0000000080000000, 0x0000000084e00000, 0x00000000d5580000)
  object space 79872K, 99% used [0x0000000080000000,0x0000000084d886c0,0x0000000084e00000)
 Metaspace       used 66728K, committed 68224K, reserved 1114112K
  class space    used 6954K, committed 7616K, reserved 1048576K
}
Event: 10.382 GC heap before
{Heap before GC invocations=66 (full 3):
 PSYoungGen      total 11776K, used 11296K [0x00000000d5580000, 0x00000000d6600000, 0x0000000100000000)
  eden space 9728K, 100% used [0x00000000d5580000,0x00000000d5f00000,0x00000000d5f00000)
  from space 2048K, 76% used [0x00000000d6400000,0x00000000d6588000,0x00000000d6600000)
  to   space 3072K, 0% used [0x00000000d6000000,0x00000000d6000000,0x00000000d6300000)
 ParOldGen       total 79872K, used 79393K [0x0000000080000000, 0x0000000084e00000, 0x00000000d5580000)
  object space 79872K, 99% used [0x0000000080000000,0x0000000084d886c0,0x0000000084e00000)
 Metaspace       used 66995K, committed 68480K, reserved 1114112K
  class space    used 6985K, committed 7616K, reserved 1048576K
}
Event: 10.383 GC heap after
{Heap after GC invocations=66 (full 3):
 PSYoungGen      total 12800K, used 832K [0x00000000d5580000, 0x00000000d6480000, 0x0000000100000000)
  eden space 9728K, 0% used [0x00000000d5580000,0x00000000d5580000,0x00000000d5f00000)
  from space 3072K, 27% used [0x00000000d6000000,0x00000000d60d0000,0x00000000d6300000)
  to   space 1536K, 0% used [0x00000000d6300000,0x00000000d6300000,0x00000000d6480000)
 ParOldGen       total 80896K, used 80447K [0x0000000080000000, 0x0000000084f00000, 0x00000000d5580000)
  object space 80896K, 99% used [0x0000000080000000,0x0000000084e8ffe0,0x0000000084f00000)
 Metaspace       used 66995K, committed 68480K, reserved 1114112K
  class space    used 6985K, committed 7616K, reserved 1048576K
}
Event: 10.588 GC heap before
{Heap before GC invocations=67 (full 3):
 PSYoungGen      total 12800K, used 10559K [0x00000000d5580000, 0x00000000d6480000, 0x0000000100000000)
  eden space 9728K, 99% used [0x00000000d5580000,0x00000000d5effff8,0x00000000d5f00000)
  from space 3072K, 27% used [0x00000000d6000000,0x00000000d60d0000,0x00000000d6300000)
  to   space 1536K, 0% used [0x00000000d6300000,0x00000000d6300000,0x00000000d6480000)
 ParOldGen       total 80896K, used 80447K [0x0000000080000000, 0x0000000084f00000, 0x00000000d5580000)
  object space 80896K, 99% used [0x0000000080000000,0x0000000084e8ffe0,0x0000000084f00000)
 Metaspace       used 67622K, committed 69184K, reserved 1114112K
  class space    used 7055K, committed 7680K, reserved 1048576K
}
Event: 10.590 GC heap after
{Heap after GC invocations=67 (full 3):
 PSYoungGen      total 11264K, used 1093K [0x00000000d5580000, 0x00000000d6480000, 0x0000000100000000)
  eden space 9728K, 0% used [0x00000000d5580000,0x00000000d5580000,0x00000000d5f00000)
  from space 1536K, 71% used [0x00000000d6300000,0x00000000d6411420,0x00000000d6480000)
  to   space 1536K, 0% used [0x00000000d6180000,0x00000000d6180000,0x00000000d6300000)
 ParOldGen       total 81408K, used 80999K [0x0000000080000000, 0x0000000084f80000, 0x00000000d5580000)
  object space 81408K, 99% used [0x0000000080000000,0x0000000084f19fe0,0x0000000084f80000)
 Metaspace       used 67622K, committed 69184K, reserved 1114112K
  class space    used 7055K, committed 7680K, reserved 1048576K
}
Event: 10.805 GC heap before
{Heap before GC invocations=68 (full 3):
 PSYoungGen      total 11264K, used 10821K [0x00000000d5580000, 0x00000000d6480000, 0x0000000100000000)
  eden space 9728K, 100% used [0x00000000d5580000,0x00000000d5f00000,0x00000000d5f00000)
  from space 1536K, 71% used [0x00000000d6300000,0x00000000d6411420,0x00000000d6480000)
  to   space 1536K, 0% used [0x00000000d6180000,0x00000000d6180000,0x00000000d6300000)
 ParOldGen       total 113152K, used 111720K [0x0000000080000000, 0x0000000086e80000, 0x00000000d5580000)
  object space 113152K, 98% used [0x0000000080000000,0x0000000086d1a010,0x0000000086e80000)
 Metaspace       used 68364K, committed 69888K, reserved 1114112K
  class space    used 7112K, committed 7808K, reserved 1048576K
}
Event: 10.806 GC heap after
{Heap after GC invocations=68 (full 3):
 PSYoungGen      total 10240K, used 432K [0x00000000d5580000, 0x00000000d6380000, 0x0000000100000000)
  eden space 9728K, 0% used [0x00000000d5580000,0x00000000d5580000,0x00000000d5f00000)
  from space 512K, 84% used [0x00000000d6180000,0x00000000d61ec010,0x00000000d6200000)
  to   space 1024K, 0% used [0x00000000d6280000,0x00000000d6280000,0x00000000d6380000)
 ParOldGen       total 113152K, used 112156K [0x0000000080000000, 0x0000000086e80000, 0x00000000d5580000)
  object space 113152K, 99% used [0x0000000080000000,0x0000000086d87198,0x0000000086e80000)
 Metaspace       used 68364K, committed 69888K, reserved 1114112K
  class space    used 7112K, committed 7808K, reserved 1048576K
}
Event: 11.250 GC heap before
{Heap before GC invocations=69 (full 3):
 PSYoungGen      total 10240K, used 10157K [0x00000000d5580000, 0x00000000d6380000, 0x0000000100000000)
  eden space 9728K, 99% used [0x00000000d5580000,0x00000000d5eff680,0x00000000d5f00000)
  from space 512K, 84% used [0x00000000d6180000,0x00000000d61ec010,0x00000000d6200000)
  to   space 1024K, 0% used [0x00000000d6280000,0x00000000d6280000,0x00000000d6380000)
 ParOldGen       total 113152K, used 112156K [0x0000000080000000, 0x0000000086e80000, 0x00000000d5580000)
  object space 113152K, 99% used [0x0000000080000000,0x0000000086d87198,0x0000000086e80000)
 Metaspace       used 68555K, committed 70144K, reserved 1114112K
  class space    used 7127K, committed 7808K, reserved 1048576K
}
Event: 11.251 GC heap after
{Heap after GC invocations=69 (full 3):
 PSYoungGen      total 10752K, used 544K [0x00000000d5580000, 0x00000000d6380000, 0x0000000100000000)
  eden space 9728K, 0% used [0x00000000d5580000,0x00000000d5580000,0x00000000d5f00000)
  from space 1024K, 53% used [0x00000000d6280000,0x00000000d6308000,0x00000000d6380000)
  to   space 1024K, 0% used [0x00000000d6180000,0x00000000d6180000,0x00000000d6280000)
 ParOldGen       total 113152K, used 112392K [0x0000000080000000, 0x0000000086e80000, 0x00000000d5580000)
  object space 113152K, 99% used [0x0000000080000000,0x0000000086dc21b8,0x0000000086e80000)
 Metaspace       used 68555K, committed 70144K, reserved 1114112K
  class space    used 7127K, committed 7808K, reserved 1048576K
}

